<?xml version="1.0" encoding="UTF-8"?>
<testng-results skipped="0" failed="0" ignored="0" total="1" passed="1">
  <reporter-output>
  </reporter-output>
  <suite name="Default suite" duration-ms="21940" started-at="2019-07-02T12:48:05Z" finished-at="2019-07-02T12:48:27Z">
    <groups>
    </groups>
    <test name="Default test" duration-ms="21940" started-at="2019-07-02T12:48:05Z" finished-at="2019-07-02T12:48:27Z">
      <class name="eComerstesting.Asset">
        <test-method status="PASS" signature="f()[pri:0, instance:eComerstesting.Asset@4493d195]" name="f" duration-ms="21865" started-at="2019-07-02T12:48:05Z" finished-at="2019-07-02T12:48:27Z">
          <reporter-output>
          </reporter-output>
        </test-method> <!-- f -->
      </class> <!-- eComerstesting.Asset -->
    </test> <!-- Default test -->
  </suite> <!-- Default suite -->
</testng-results>
